\BOOKMARK [1][-]{section.1}{Documented Design: Sudoku Maker/Solver}{}% 1
\BOOKMARK [2][-]{subsection.1.1}{High level Overview}{section.1}% 2
\BOOKMARK [2][-]{subsection.1.2}{Server Side}{section.1}% 3
\BOOKMARK [3][-]{subsubsection.1.2.1}{Class: Node}{subsection.1.2}% 4
\BOOKMARK [2][-]{subsection.1.3}{Key procedures}{section.1}% 5
\BOOKMARK [2][-]{subsection.1.4}{Generate Grid}{section.1}% 6
\BOOKMARK [2][-]{subsection.1.5}{Generate Key}{section.1}% 7
\BOOKMARK [2][-]{subsection.1.6}{Get Keys}{section.1}% 8
\BOOKMARK [2][-]{subsection.1.7}{Check Keys}{section.1}% 9
\BOOKMARK [2][-]{subsection.1.8}{SQL server \(Raspberry pi\)}{section.1}% 10
\BOOKMARK [1][-]{section.2}{Client Side}{}% 11
\BOOKMARK [2][-]{subsection.2.1}{Classes}{section.2}% 12
\BOOKMARK [3][-]{subsubsection.2.1.1}{Inheritance diagram}{subsection.2.1}% 13
\BOOKMARK [3][-]{subsubsection.2.1.2}{Button}{subsection.2.1}% 14
\BOOKMARK [2][-]{subsection.2.2}{Sudoku tile}{section.2}% 15
\BOOKMARK [2][-]{subsection.2.3}{Sudoku Grid}{section.2}% 16
\BOOKMARK [1][-]{section.3}{Key procedures}{}% 17
\BOOKMARK [2][-]{subsection.3.1}{Main}{section.3}% 18
\BOOKMARK [2][-]{subsection.3.2}{Main Menu}{section.3}% 19
\BOOKMARK [2][-]{subsection.3.3}{Draw Screen}{section.3}% 20
\BOOKMARK [2][-]{subsection.3.4}{Options}{section.3}% 21
\BOOKMARK [2][-]{subsection.3.5}{Game Menu}{section.3}% 22
\BOOKMARK [2][-]{subsection.3.6}{Import Seed}{section.3}% 23
\BOOKMARK [2][-]{subsection.3.7}{Generate Problem}{section.3}% 24
\BOOKMARK [2][-]{subsection.3.8}{Submit Score to server}{section.3}% 25
\BOOKMARK [1][-]{section.4}{Glossary}{}% 26
